<?xml version="1.0" encoding="UTF-8"?>
<!-- Generated by org.testng.reporters.JUnitXMLReporter -->
<testsuite ignored="0" hostname="LAPTOP-A38V3DO6" failures="1" tests="4" name="Surefire test" time="21.502" errors="0" timestamp="2023-08-24T14:05:44 IST">
  <testcase classname="io.cucumber.testng.AbstractTestNGCucumberTests" name="runScenario" time="8.372">
    <failure type="java.lang.AssertionError" message="Failed due to unccessful Logged in message ">
      <![CDATA[java.lang.AssertionError: Failed due to unccessful Logged in message 
at stepDefinitions.login_stepDeff.user_is_navigated_to_home_page(login_stepDeff.java:80)
at ✽.User is navigated to home page(file:///C:/Users/Sanjay%20Prasad/eclipse-workspace/allurecucumberProject2/src/test/resources/features/loginPage.feature:10)
... Removed 1 stack frames]]>
    </failure>
  </testcase> <!-- runScenario -->
  <testcase classname="io.cucumber.testng.AbstractTestNGCucumberTests" name="runScenario" time="3.739"/>
  <testcase classname="io.cucumber.testng.AbstractTestNGCucumberTests" name="runScenario" time="5.02"/>
  <testcase classname="io.cucumber.testng.AbstractTestNGCucumberTests" name="runScenario" time="4.139"/>
</testsuite> <!-- Surefire test -->
