<?xml version="1.0" encoding="UTF-8"?>
<!-- Generated by org.testng.reporters.JUnitXMLReporter -->
<testsuite ignored="0" hostname="LAPTOP-A38V3DO6" failures="1" tests="5" name="Test" time="28.868" errors="0" timestamp="2023-08-24T21:31:35 IST">
  <testcase classname="io.cucumber.testng.AbstractTestNGCucumberTests" name="runScenario" time="8.211">
    <failure type="java.lang.AssertionError" message="expected [Helloo] but found [Hello]">
      <![CDATA[java.lang.AssertionError: expected [Helloo] but found [Hello]
at pagess.homePage.checkHelloTxt(homePage.java:40)
at stepDefinitions.checkHomePage_stepDefs.the_user_validate_page_hello(checkHomePage_stepDefs.java:36)
at ✽.The user validate page hello(file:///C:/Users/Sanjay%20Prasad/eclipse-workspace/allurecucumberProject2/src/test/resources/features/checkHomePage.feature:9)
... Removed 6 stack frames]]>
    </failure>
  </testcase> <!-- runScenario -->
  <testcase classname="io.cucumber.testng.AbstractTestNGCucumberTests" name="runScenario" time="5.513"/>
  <testcase classname="io.cucumber.testng.AbstractTestNGCucumberTests" name="runScenario" time="5.137"/>
  <testcase classname="io.cucumber.testng.AbstractTestNGCucumberTests" name="runScenario" time="5.716"/>
  <testcase classname="io.cucumber.testng.AbstractTestNGCucumberTests" name="runScenario" time="3.794"/>
</testsuite> <!-- Test -->
