<?xml version="1.0" encoding="UTF-8"?>
<!-- Generated by org.testng.reporters.JUnitReportReporter -->
<testsuite hostname="LAPTOP-A38V3DO6" failures="1" tests="5" name="runner.TestRunner" time="28.371" errors="0" timestamp="2023-08-24T21:31:35 IST" skipped="0">
  <testcase classname="runner.TestRunner" name="runScenario" time="5.513"/>
  <system-out/>
  <testcase classname="runner.TestRunner" name="runScenario" time="8.211">
    <failure message="expected [Helloo] but found [Hello]" type="java.lang.AssertionError">
      <![CDATA[java.lang.AssertionError: expected [Helloo] but found [Hello]
at org.testng.Assert.fail(Assert.java:110)
at org.testng.Assert.failNotEquals(Assert.java:1577)
at org.testng.Assert.assertEqualsImpl(Assert.java:149)
at org.testng.Assert.assertEquals(Assert.java:131)
at org.testng.Assert.assertEquals(Assert.java:655)
at org.testng.Assert.assertEquals(Assert.java:665)
at pagess.homePage.checkHelloTxt(homePage.java:40)
at stepDefinitions.checkHomePage_stepDefs.the_user_validate_page_hello(checkHomePage_stepDefs.java:36)
at ✽.The user validate page hello(file:///C:/Users/Sanjay%20Prasad/eclipse-workspace/allurecucumberProject2/src/test/resources/features/checkHomePage.feature:9)
]]>
    </failure>
  </testcase> <!-- runScenario -->
  <system-out/>
  <testcase classname="runner.TestRunner" name="runScenario" time="5.137"/>
  <system-out/>
  <testcase classname="runner.TestRunner" name="runScenario" time="5.716"/>
  <system-out/>
  <testcase classname="runner.TestRunner" name="runScenario" time="3.794"/>
  <system-out/>
</testsuite> <!-- runner.TestRunner -->
